[api.jquery.com/index.html]
[backblue.gif]
[fade.gif]
[index.html]
[api.jquery.com/index.html]
[api.jquery.com/jquery-wp-content/themes/api.jquery.com/i/favicon.ico]
[api.jquery.com/jquery-wp-content/themes/jquery/css/base3860.css]
[api.jquery.com/jquery-wp-content/themes/api.jquery.com/style.css]
[api.jquery.com/xmlrpc.php]
[api.jquery.com/jquery-wp-content/themes/jquery/js/modernizr.custom.2.6.2.min.js]
[api.jquery.com/jquery-wp-content/themes/jquery/js/plugins.js]
[api.jquery.com/feed/index.html]
[api.jquery.com/jquery-wp-content/themes/jquery/js/main.js]
[api.jquery.com/xmlrpc0db0.php]
[api.jquery.com/category/traversing/index.html]
[api.jquery.com/comments/feed/index.html]
[api.jquery.com/category/traversing/miscellaneous-traversal/index.html]
[api.jquery.com/category/traversing/index.html]
[api.jquery.com/add/index.html]
[api.jquery.com/addBack/index.html]
[api.jquery.com/category/traversing/miscellaneous-traversal/index.html]
[api.jquery.com/category/attributes/index.html]
[api.jquery.com/category/manipulation/index.html]
[api.jquery.com/category/manipulation/class-attribute/index.html]
[api.jquery.com/category/css/index.html]
[api.jquery.com/addClass/index.html]
[api.jquery.com/category/manipulation/dom-insertion-outside/index.html]
[api.jquery.com/after/index.html]
[api.jquery.com/category/ajax/index.html]
[api.jquery.com/add/index.html]
[api.jquery.com/addBack/index.html]
[api.jquery.com/ajaxComplete/index.html]
[api.jquery.com/category/attributes/index.html]
[api.jquery.com/category/ajax/global-ajax-event-handlers/index.html]
[api.jquery.com/category/manipulation/index.html]
[api.jquery.com/ajaxError/index.html]
[api.jquery.com/ajaxSend/index.html]
[api.jquery.com/category/manipulation/class-attribute/index.html]
[api.jquery.com/ajaxStart/index.html]
[api.jquery.com/category/css/index.html]
[api.jquery.com/ajaxStop/index.html]
[api.jquery.com/addClass/index.html]
[api.jquery.com/category/selectors/index.html]
[api.jquery.com/category/manipulation/dom-insertion-outside/index.html]
[api.jquery.com/ajaxSuccess/index.html]
[api.jquery.com/category/selectors/basic-css-selectors/index.html]
[api.jquery.com/all-selector/index.html]
[api.jquery.com/andSelf/index.html]
[api.jquery.com/after/index.html]
[api.jquery.com/category/ajax/index.html]
[api.jquery.com/category/ajax/global-ajax-event-handlers/index.html]
[api.jquery.com/category/effects/index.html]
[api.jquery.com/category/effects/custom-effects/index.html]
[api.jquery.com/animate/index.html]
[api.jquery.com/category/selectors/basic-filter-selectors/index.html]
[api.jquery.com/ajaxComplete/index.html]
[api.jquery.com/ajaxError/index.html]
[api.jquery.com/category/selectors/jquery-selector-extensions/index.html]
[api.jquery.com/ajaxSend/index.html]
[api.jquery.com/animated-selector/index.html]
[api.jquery.com/category/manipulation/dom-insertion-inside/index.html]
[api.jquery.com/ajaxStart/index.html]
[api.jquery.com/ajaxStop/index.html]
[api.jquery.com/append/index.html]
[api.jquery.com/ajaxSuccess/index.html]
[api.jquery.com/appendTo/index.html]
[api.jquery.com/category/selectors/index.html]
[api.jquery.com/category/manipulation/general-attributes/index.html]
[api.jquery.com/category/selectors/basic-css-selectors/index.html]
[api.jquery.com/category/selectors/attribute-selectors/index.html]
[api.jquery.com/all-selector/index.html]
[api.jquery.com/attr/index.html]
[api.jquery.com/andSelf/index.html]
[api.jquery.com/attribute-contains-prefix-selector/index.html]
[api.jquery.com/category/effects/index.html]
[api.jquery.com/attribute-contains-selector/index.html]
[api.jquery.com/category/effects/custom-effects/index.html]
[api.jquery.com/attribute-contains-word-selector/index.html]
[api.jquery.com/attribute-ends-with-selector/index.html]
[api.jquery.com/attribute-equals-selector/index.html]
[api.jquery.com/attribute-not-equal-selector/index.html]
[api.jquery.com/animate/index.html]
[api.jquery.com/attribute-starts-with-selector/index.html]
[api.jquery.com/category/selectors/basic-filter-selectors/index.html]
[api.jquery.com/before/index.html]
[api.jquery.com/category/selectors/jquery-selector-extensions/index.html]
[api.jquery.com/category/events/index.html]
[api.jquery.com/animated-selector/index.html]
[api.jquery.com/bind/index.html]
[api.jquery.com/category/events/event-handler-attachment/index.html]
[api.jquery.com/category/manipulation/dom-insertion-inside/index.html]
[api.jquery.com/category/events/form-events/index.html]
[api.jquery.com/category/forms/index.html]
[api.jquery.com/blur/index.html]
[api.jquery.com/append/index.html]
[api.jquery.com/category/selectors/form-selectors/index.html]
[api.jquery.com/button-selector/index.html]
[api.jquery.com/category/callbacks-object/index.html]
[api.jquery.com/appendTo/index.html]
[api.jquery.com/category/manipulation/general-attributes/index.html]
[api.jquery.com/attr/index.html]
[api.jquery.com/callbacks.add/index.html]
[api.jquery.com/category/selectors/attribute-selectors/index.html]
[api.jquery.com/callbacks.disable/index.html]
[api.jquery.com/attribute-contains-prefix-selector/index.html]
[api.jquery.com/callbacks.disabled/index.html]
[api.jquery.com/attribute-contains-selector/index.html]
[api.jquery.com/callbacks.empty/index.html]
[api.jquery.com/callbacks.fire/index.html]
[api.jquery.com/attribute-contains-word-selector/index.html]
[api.jquery.com/callbacks.fired/index.html]
[api.jquery.com/attribute-ends-with-selector/index.html]
[api.jquery.com/callbacks.fireWith/index.html]
[api.jquery.com/attribute-equals-selector/index.html]
[api.jquery.com/callbacks.lock/index.html]
[api.jquery.com/attribute-not-equal-selector/index.html]
[api.jquery.com/callbacks.locked/index.html]
[api.jquery.com/callbacks.has/index.html]
[api.jquery.com/attribute-starts-with-selector/index.html]
[api.jquery.com/callbacks.remove/index.html]
[api.jquery.com/change/index.html]
[api.jquery.com/checkbox-selector/index.html]
[api.jquery.com/before/index.html]
[api.jquery.com/category/events/index.html]
[api.jquery.com/checked-selector/index.html]
[api.jquery.com/category/events/event-handler-attachment/index.html]
[api.jquery.com/category/selectors/hierarchy-selectors/index.html]
[api.jquery.com/child-selector/index.html]
[api.jquery.com/category/traversing/tree-traversal/index.html]
[api.jquery.com/children/index.html]
[api.jquery.com/class-selector/index.html]
[api.jquery.com/category/data/index.html]
[api.jquery.com/category/events/mouse-events/index.html]
[api.jquery.com/category/utilities/index.html]
[api.jquery.com/click/index.html]
[api.jquery.com/clearQueue/index.html]
[api.jquery.com/bind/index.html]
[api.jquery.com/category/events/form-events/index.html]
[api.jquery.com/category/forms/index.html]
[api.jquery.com/category/manipulation/copying/index.html]
[api.jquery.com/blur/index.html]
[api.jquery.com/closest/index.html]
[api.jquery.com/clone/index.html]
[api.jquery.com/category/selectors/form-selectors/index.html]
[api.jquery.com/category/selectors/content-filter-selector/index.html]
[api.jquery.com/button-selector/index.html]
[api.jquery.com/contains-selector/index.html]
[api.jquery.com/category/callbacks-object/index.html]
[api.jquery.com/contents/index.html]
[api.jquery.com/callbacks.add/index.html]
[api.jquery.com/category/internals/index.html]
[api.jquery.com/callbacks.disable/index.html]
[api.jquery.com/category/properties/index.html]
[api.jquery.com/callbacks.disabled/index.html]
[api.jquery.com/category/properties/jquery-object-instance-properties/index.html]
[api.jquery.com/context/index.html]
[api.jquery.com/callbacks.empty/index.html]
[api.jquery.com/category/manipulation/style-properties/index.html]
[api.jquery.com/callbacks.fire/index.html]
[api.jquery.com/css/index.html]
[api.jquery.com/callbacks.fired/index.html]
[api.jquery.com/category/miscellaneous/data-storage/index.html]
[api.jquery.com/callbacks.fireWith/index.html]
[api.jquery.com/category/miscellaneous/index.html]
[api.jquery.com/callbacks.has/index.html]
[api.jquery.com/data/index.html]
[api.jquery.com/callbacks.lock/index.html]
[api.jquery.com/dblclick/index.html]
[api.jquery.com/callbacks.locked/index.html]
[api.jquery.com/deferred.always/index.html]
[api.jquery.com/callbacks.remove/index.html]
[api.jquery.com/category/deferred-object/index.html]
[api.jquery.com/change/index.html]
[api.jquery.com/deferred.done/index.html]
[api.jquery.com/deferred.fail/index.html]
[api.jquery.com/checkbox-selector/index.html]
[api.jquery.com/deferred.isRejected/index.html]
[api.jquery.com/checked-selector/index.html]
[api.jquery.com/deferred.isResolved/index.html]
[api.jquery.com/category/selectors/hierarchy-selectors/index.html]
[api.jquery.com/deferred.notify/index.html]
[api.jquery.com/child-selector/index.html]
[api.jquery.com/deferred.notifyWith/index.html]
[api.jquery.com/category/traversing/tree-traversal/index.html]
[api.jquery.com/deferred.pipe/index.html]
[api.jquery.com/deferred.progress/index.html]
[api.jquery.com/deferred.promise/index.html]
[api.jquery.com/deferred.reject/index.html]
[api.jquery.com/children/index.html]
[api.jquery.com/class-selector/index.html]
[api.jquery.com/deferred.rejectWith/index.html]
[api.jquery.com/category/data/index.html]
[api.jquery.com/deferred.resolveWith/index.html]
[api.jquery.com/deferred.state/index.html]
[api.jquery.com/deferred.resolve/index.html]
[api.jquery.com/category/utilities/index.html]
[api.jquery.com/clearQueue/index.html]
[api.jquery.com/deferred.then/index.html]
[api.jquery.com/category/events/mouse-events/index.html]
[api.jquery.com/delay/index.html]
[api.jquery.com/dequeue/index.html]
[api.jquery.com/click/index.html]
[api.jquery.com/delegate/index.html]
[api.jquery.com/category/manipulation/copying/index.html]
[api.jquery.com/descendant-selector/index.html]
[api.jquery.com/clone/index.html]
[api.jquery.com/category/manipulation/dom-removal/index.html]
[api.jquery.com/closest/index.html]
[api.jquery.com/detach/index.html]
[api.jquery.com/category/selectors/content-filter-selector/index.html]
[api.jquery.com/disabled-selector/index.html]
[api.jquery.com/die/index.html]
[api.jquery.com/contains-selector/index.html]
[api.jquery.com/contents/index.html]
[api.jquery.com/category/miscellaneous/collection-manipulation/index.html]
[api.jquery.com/category/internals/index.html]
[api.jquery.com/each/index.html]
[api.jquery.com/category/properties/index.html]
[api.jquery.com/element-selector/index.html]
[api.jquery.com/empty/index.html]
[api.jquery.com/category/properties/jquery-object-instance-properties/index.html]
[api.jquery.com/context/index.html]
[api.jquery.com/empty-selector/index.html]
[api.jquery.com/category/manipulation/style-properties/index.html]
[api.jquery.com/enabled-selector/index.html]
[api.jquery.com/css/index.html]
[api.jquery.com/category/traversing/filtering/index.html]
[api.jquery.com/category/miscellaneous/index.html]
[api.jquery.com/eq/index.html]
[api.jquery.com/end/index.html]
[api.jquery.com/category/miscellaneous/data-storage/index.html]
[api.jquery.com/category/events/browser-events/index.html]
[api.jquery.com/eq-selector/index.html]
[api.jquery.com/data/index.html]
[api.jquery.com/error/index.html]
[api.jquery.com/even-selector/index.html]
[api.jquery.com/dblclick/index.html]
[api.jquery.com/event.currentTarget/index.html]
[api.jquery.com/category/deferred-object/index.html]
[api.jquery.com/category/events/event-object/index.html]
[api.jquery.com/deferred.always/index.html]
[api.jquery.com/event.data/index.html]
[api.jquery.com/event.delegateTarget/index.html]
[api.jquery.com/event.isDefaultPrevented/index.html]
[api.jquery.com/event.isImmediatePropagationStopped/index.html]
[api.jquery.com/deferred.done/index.html]
[api.jquery.com/event.isPropagationStopped/index.html]
[api.jquery.com/event.metaKey/index.html]
[api.jquery.com/event.pageX/index.html]
[api.jquery.com/event.namespace/index.html]
[api.jquery.com/deferred.fail/index.html]
[api.jquery.com/event.pageY/index.html]
[api.jquery.com/event.preventDefault/index.html]
[api.jquery.com/event.relatedTarget/index.html]
[api.jquery.com/deferred.isRejected/index.html]
[api.jquery.com/event.result/index.html]
[api.jquery.com/deferred.isResolved/index.html]
[api.jquery.com/event.stopImmediatePropagation/index.html]
[api.jquery.com/deferred.notify/index.html]
[api.jquery.com/event.stopPropagation/index.html]
[api.jquery.com/deferred.notifyWith/index.html]
[api.jquery.com/event.timeStamp/index.html]
[api.jquery.com/event.target/index.html]
[api.jquery.com/deferred.pipe/index.html]
[api.jquery.com/event.type/index.html]
[api.jquery.com/deferred.progress/index.html]
[api.jquery.com/event.which/index.html]
[api.jquery.com/deferred.promise/index.html]
[api.jquery.com/category/effects/fading/index.html]
[api.jquery.com/fadeIn/index.html]
[api.jquery.com/deferred.reject/index.html]
[api.jquery.com/deferred.rejectWith/index.html]
[api.jquery.com/fadeOut/index.html]
[api.jquery.com/deferred.resolve/index.html]
[api.jquery.com/fadeTo/index.html]
[api.jquery.com/deferred.resolveWith/index.html]
[api.jquery.com/fadeToggle/index.html]
[api.jquery.com/deferred.state/index.html]
[api.jquery.com/file-selector/index.html]
[api.jquery.com/filter/index.html]
[api.jquery.com/deferred.then/index.html]
[api.jquery.com/find/index.html]
[api.jquery.com/delay/index.html]
[api.jquery.com/finish/index.html]
[api.jquery.com/first/index.html]
[api.jquery.com/category/selectors/child-filter-selectors/index.html]
[api.jquery.com/first-child-selector/index.html]
[api.jquery.com/first-selector/index.html]
[api.jquery.com/first-of-type-selector/index.html]
[api.jquery.com/focus/index.html]
[api.jquery.com/delegate/index.html]
[api.jquery.com/dequeue/index.html]
[api.jquery.com/descendant-selector/index.html]
[api.jquery.com/focus-selector/index.html]
[api.jquery.com/category/manipulation/dom-removal/index.html]
[api.jquery.com/category/events/keyboard-events/index.html]
[api.jquery.com/focusin/index.html]
[api.jquery.com/focusout/index.html]
[api.jquery.com/category/miscellaneous/dom-element-methods/index.html]
[api.jquery.com/detach/index.html]
[api.jquery.com/get/index.html]
[api.jquery.com/die/index.html]
[api.jquery.com/gt-selector/index.html]
[api.jquery.com/disabled-selector/index.html]
[api.jquery.com/has/index.html]
[api.jquery.com/category/miscellaneous/collection-manipulation/index.html]
[api.jquery.com/has-attribute-selector/index.html]
[api.jquery.com/hasClass/index.html]
[api.jquery.com/each/index.html]
[api.jquery.com/has-selector/index.html]
[api.jquery.com/element-selector/index.html]
[api.jquery.com/header-selector/index.html]
[api.jquery.com/empty/index.html]
[api.jquery.com/category/dimensions/index.html]
[api.jquery.com/height/index.html]
[api.jquery.com/empty-selector/index.html]
[api.jquery.com/enabled-selector/index.html]
[api.jquery.com/category/selectors/visibility-filter-selectors/index.html]
[api.jquery.com/hidden-selector/index.html]
[api.jquery.com/category/effects/basics/index.html]
[api.jquery.com/hide/index.html]
[api.jquery.com/end/index.html]
[api.jquery.com/category/traversing/filtering/index.html]
[api.jquery.com/hover/index.html]
[api.jquery.com/eq/index.html]
[api.jquery.com/html/index.html]
[api.jquery.com/eq-selector/index.html]
[api.jquery.com/id-selector/index.html]
[api.jquery.com/category/events/browser-events/index.html]
[api.jquery.com/image-selector/index.html]
[api.jquery.com/index/index.html]
[api.jquery.com/error/index.html]
[api.jquery.com/innerHeight/index.html]
[api.jquery.com/innerWidth/index.html]
[api.jquery.com/input-selector/index.html]
[api.jquery.com/even-selector/index.html]
[api.jquery.com/insertAfter/index.html]
[api.jquery.com/insertBefore/index.html]
[api.jquery.com/is/index.html]
[api.jquery.com/category/core/index.html]
[api.jquery.com/category/events/event-object/index.html]
[api.jquery.com/category/ajax/low-level-interface/index.html]
[api.jquery.com/jquery-2/index.html]
[api.jquery.com/jQuery/index.html]
[api.jquery.com/jQuery.ajax/index.html]
[api.jquery.com/event.currentTarget/index.html]
[api.jquery.com/jQuery.ajaxPrefilter/index.html]
[api.jquery.com/event.data/index.html]
[api.jquery.com/jQuery.ajaxSetup/index.html]
[api.jquery.com/jQuery.ajaxTransport/index.html]
[api.jquery.com/jQuery.boxModel/index.html]
[api.jquery.com/event.delegateTarget/index.html]
[api.jquery.com/category/properties/global-jquery-object-properties/index.html]
[api.jquery.com/jQuery.browser/index.html]
[api.jquery.com/jQuery.contains/index.html]
[api.jquery.com/jQuery.Callbacks/index.html]
[api.jquery.com/event.isDefaultPrevented/index.html]
[api.jquery.com/event.isImmediatePropagationStopped/index.html]
[api.jquery.com/jQuery.data/index.html]
[api.jquery.com/jQuery.cssHooks/index.html]
[api.jquery.com/jQuery.Deferred/index.html]
[api.jquery.com/event.isPropagationStopped/index.html]
[api.jquery.com/event.metaKey/index.html]
[api.jquery.com/jQuery.dequeue/index.html]
[api.jquery.com/event.namespace/index.html]
[api.jquery.com/jQuery.each/index.html]
[api.jquery.com/event.pageX/index.html]
[api.jquery.com/jQuery.error/index.html]
[api.jquery.com/event.pageY/index.html]
[api.jquery.com/jQuery.extend/index.html]
[api.jquery.com/event.preventDefault/index.html]
[api.jquery.com/jQuery.fx.interval/index.html]
[api.jquery.com/jQuery.fx.off/index.html]
[api.jquery.com/event.relatedTarget/index.html]
[api.jquery.com/category/ajax/shorthand-methods/index.html]
[api.jquery.com/jQuery.get/index.html]
[api.jquery.com/event.result/index.html]
[api.jquery.com/jQuery.getJSON/index.html]
[api.jquery.com/jQuery.getScript/index.html]
[api.jquery.com/jQuery.globalEval/index.html]
[api.jquery.com/jQuery.grep/index.html]
[api.jquery.com/jQuery.hasData/index.html]
[api.jquery.com/jQuery.holdReady/index.html]
[api.jquery.com/event.stopImmediatePropagation/index.html]
[api.jquery.com/jQuery.inArray/index.html]
[api.jquery.com/jQuery.isEmptyObject/index.html]
[api.jquery.com/event.stopPropagation/index.html]
[api.jquery.com/jQuery.isArray/index.html]
[api.jquery.com/jQuery.isFunction/index.html]
[api.jquery.com/event.target/index.html]
[api.jquery.com/jQuery.isNumeric/index.html]
[api.jquery.com/event.timeStamp/index.html]
[api.jquery.com/jQuery.isWindow/index.html]
[api.jquery.com/jQuery.isPlainObject/index.html]
[api.jquery.com/event.type/index.html]
[api.jquery.com/event.which/index.html]
[api.jquery.com/jQuery.isXMLDoc/index.html]
[api.jquery.com/category/effects/fading/index.html]
[api.jquery.com/jQuery.makeArray/index.html]
[api.jquery.com/fadeIn/index.html]
[api.jquery.com/jQuery.map/index.html]
[api.jquery.com/category/miscellaneous/setup-methods/index.html]
[api.jquery.com/jQuery.merge/index.html]
[api.jquery.com/jQuery.noConflict/index.html]
[api.jquery.com/fadeOut/index.html]
[api.jquery.com/jQuery.noop/index.html]
[api.jquery.com/images/0042_06_41.2a.delayed]
[api.jquery.com/jQuery.now/index.html]
[api.jquery.com/category/ajax/helper-functions/index.html]
[api.jquery.com/images/0042_06_42.2b.delayed]
[api.jquery.com/images/0042_06_43.2c.delayed]
[api.jquery.com/jQuery.param/index.html]
[api.jquery.com/jQuery.parseHTML/index.html]
[api.jquery.com/jQuery.parseXML/index.html]
[api.jquery.com/jQuery.parseJSON/index.html]
[api.jquery.com/images/0042_06_44.2d.delayed]
[api.jquery.com/fadeTo/index.html]
[api.jquery.com/fadeToggle/index.html]
[api.jquery.com/file-selector/index.html]
[api.jquery.com/jQuery.post/index.html]
[api.jquery.com/filter/index.html]
[api.jquery.com/jQuery.proxy/index.html]
[api.jquery.com/find/index.html]
[api.jquery.com/jQuery.removeData/index.html]
[api.jquery.com/jQuery.queue/index.html]
[api.jquery.com/finish/index.html]
[api.jquery.com/first/index.html]
[api.jquery.com/jQuery.sub/index.html]
[api.jquery.com/jQuery.support/index.html]
[api.jquery.com/category/selectors/child-filter-selectors/index.html]
[api.jquery.com/jQuery.trim/index.html]
[api.jquery.com/jQuery.type/index.html]
[api.jquery.com/jQuery.when/index.html]
[api.jquery.com/jQuery.unique/index.html]
[api.jquery.com/first-child-selector/index.html]
[api.jquery.com/first-of-type-selector/index.html]
[api.jquery.com/keydown/index.html]
[api.jquery.com/keypress/index.html]
[api.jquery.com/keyup/index.html]
[api.jquery.com/lang-selector/index.html]
[api.jquery.com/first-selector/index.html]
[api.jquery.com/last-child-selector/index.html]
[api.jquery.com/focus/index.html]
[api.jquery.com/last/index.html]
[api.jquery.com/last-of-type-selector/index.html]
[api.jquery.com/focus-selector/index.html]
[api.jquery.com/category/events/keyboard-events/index.html]
[api.jquery.com/last-selector/index.html]
[api.jquery.com/length/index.html]
[api.jquery.com/live/index.html]
[api.jquery.com/load/index.html]
[api.jquery.com/category/events/document-loading/index.html]
[api.jquery.com/focusin/index.html]
[api.jquery.com/load-event/index.html]
[api.jquery.com/lt-selector/index.html]
[api.jquery.com/focusout/index.html]
[api.jquery.com/map/index.html]
[api.jquery.com/mousedown/index.html]
[api.jquery.com/category/miscellaneous/dom-element-methods/index.html]
[api.jquery.com/get/index.html]
[api.jquery.com/mouseenter/index.html]
[api.jquery.com/gt-selector/index.html]
[api.jquery.com/mouseleave/index.html]
[api.jquery.com/has/index.html]
[api.jquery.com/mouseout/index.html]
[api.jquery.com/mousemove/index.html]
[api.jquery.com/has-attribute-selector/index.html]
[api.jquery.com/has-selector/index.html]
[api.jquery.com/mouseover/index.html]
[api.jquery.com/hasClass/index.html]
[api.jquery.com/mouseup/index.html]
[api.jquery.com/header-selector/index.html]
[api.jquery.com/multiple-selector/index.html]
[api.jquery.com/category/dimensions/index.html]
[api.jquery.com/multiple-attribute-selector/index.html]
[api.jquery.com/next/index.html]
[api.jquery.com/height/index.html]
[api.jquery.com/category/selectors/visibility-filter-selectors/index.html]
[api.jquery.com/next-adjacent-Selector/index.html]
[api.jquery.com/hidden-selector/index.html]
[api.jquery.com/next-siblings-selector/index.html]
[api.jquery.com/category/effects/basics/index.html]
[api.jquery.com/nextUntil/index.html]
[api.jquery.com/nextAll/index.html]
[api.jquery.com/not-selector/index.html]
[api.jquery.com/not/index.html]
[api.jquery.com/resources/0042_06_05.34.delayed]
[api.jquery.com/resources/0042_06_07.png]
[api.jquery.com/hide/index.html]
[api.jquery.com/resources/0042_06_08.png]
[api.jquery.com/nth-last-child-selector/index.html]
[api.jquery.com/nth-last-of-type-selector/index.html]
[api.jquery.com/nth-of-type-selector/index.html]
[api.jquery.com/off/index.html]
[api.jquery.com/odd-selector/index.html]
[api.jquery.com/category/offset/index.html]
[api.jquery.com/hover/index.html]
[api.jquery.com/offsetParent/index.html]
[api.jquery.com/offset/index.html]
[api.jquery.com/html/index.html]
[api.jquery.com/on/index.html]
[api.jquery.com/one/index.html]
[api.jquery.com/id-selector/index.html]
[api.jquery.com/image-selector/index.html]
[api.jquery.com/only-child-selector/index.html]
[api.jquery.com/index/index.html]
[api.jquery.com/only-of-type-selector/index.html]
[api.jquery.com/outerHeight/index.html]
[api.jquery.com/outerWidth/index.html]
[api.jquery.com/parent/index.html]
[api.jquery.com/innerHeight/index.html]
[api.jquery.com/parent-selector/index.html]
[api.jquery.com/parentsUntil/index.html]
[api.jquery.com/parents/index.html]
[api.jquery.com/innerWidth/index.html]
[api.jquery.com/input-selector/index.html]
[api.jquery.com/password-selector/index.html]
[api.jquery.com/position/index.html]
[api.jquery.com/prependTo/index.html]
[api.jquery.com/prepend/index.html]
[api.jquery.com/insertAfter/index.html]
[api.jquery.com/prev/index.html]
[api.jquery.com/prevAll/index.html]
[api.jquery.com/prevUntil/index.html]
[api.jquery.com/promise/index.html]
[api.jquery.com/insertBefore/index.html]
[api.jquery.com/is/index.html]
[api.jquery.com/prop/index.html]
[api.jquery.com/category/core/index.html]
[api.jquery.com/pushStack/index.html]
[api.jquery.com/queue/index.html]
[api.jquery.com/radio-selector/index.html]
[api.jquery.com/ready/index.html]
[api.jquery.com/remove/index.html]
[api.jquery.com/removeAttr/index.html]
[api.jquery.com/removeClass/index.html]
[api.jquery.com/removeData/index.html]
[api.jquery.com/removeProp/index.html]
[api.jquery.com/category/manipulation/dom-replacement/index.html]
[api.jquery.com/replaceAll/index.html]
[api.jquery.com/replaceWith/index.html]
[api.jquery.com/reset-selector/index.html]
[api.jquery.com/resize/index.html]
[api.jquery.com/root-selector/index.html]
[api.jquery.com/scroll/index.html]
[api.jquery.com/scrollLeft/index.html]
[api.jquery.com/scrollTop/index.html]
[api.jquery.com/select/index.html]
[api.jquery.com/selected-selector/index.html]
[api.jquery.com/selector/index.html]
[api.jquery.com/jQuery/index.html]
[api.jquery.com/jquery-2/index.html]
[api.jquery.com/category/ajax/low-level-interface/index.html]
[api.jquery.com/serialize/index.html]
[api.jquery.com/show/index.html]
[api.jquery.com/serializeArray/index.html]
[api.jquery.com/siblings/index.html]
[api.jquery.com/slice/index.html]
[api.jquery.com/size/index.html]
[api.jquery.com/category/effects/sliding/index.html]
[api.jquery.com/slideDown/index.html]
[api.jquery.com/slideToggle/index.html]
[api.jquery.com/stop/index.html]
[api.jquery.com/slideUp/index.html]
[api.jquery.com/submit/index.html]
[api.jquery.com/submit-selector/index.html]
[api.jquery.com/target-selector/index.html]
[api.jquery.com/text/index.html]
[api.jquery.com/text-selector/index.html]
[api.jquery.com/jQuery.ajax/index.html]
[api.jquery.com/toArray/index.html]
[api.jquery.com/jQuery.ajaxPrefilter/index.html]
[api.jquery.com/toggle/index.html]
[api.jquery.com/category/deprecated/deprecated-1.8/index.html]
[api.jquery.com/category/deprecated/index.html]
[api.jquery.com/toggle-event/index.html]
[api.jquery.com/toggleClass/index.html]
[api.jquery.com/trigger/index.html]
[api.jquery.com/triggerHandler/index.html]
[api.jquery.com/unbind/index.html]
[api.jquery.com/undelegate/index.html]
[api.jquery.com/unload/index.html]
[api.jquery.com/category/manipulation/dom-insertion-around/index.html]
[api.jquery.com/visible-selector/index.html]
[api.jquery.com/val/index.html]
[api.jquery.com/unwrap/index.html]
[api.jquery.com/width/index.html]
[api.jquery.com/jQuery.ajaxSetup/index.html]
[api.jquery.com/jquery-wp-content/themes/jquery/content/books/learning-jquery-3rd-ed.jpg]
[api.jquery.com/wrap/index.html]
[api.jquery.com/jquery-wp-content/themes/jquery/content/books/jquery-enlightenment.jpg]
[api.jquery.com/jquery-wp-content/themes/jquery/content/books/jquery-in-action.jpg]
[api.jquery.com/jQuery.ajaxTransport/index.html]
[api.jquery.com/wrapAll/index.html]
[api.jquery.com/wrapInner/index.html]
[api.jquery.com/jquery-wp-content/themes/jquery/images/projectlogosfull-small.png]
[api.jquery.com/category/traversing/feed/index.html]
[api.jquery.com/category/traversing/miscellaneous-traversal/feed/index.html]
[api.jquery.com/add/feed/index.html]
[api.jquery.com/jQuery.boxModel/index.html]
[api.jquery.com/category/properties/global-jquery-object-properties/index.html]
[api.jquery.com/addBack/feed/index.html]
[api.jquery.com/Types/index.html]
[api.jquery.com/jQuery.browser/index.html]
[api.jquery.com/jQuery.Callbacks/index.html]
[api.jquery.com/jQuery.contains/index.html]
[api.jquery.com/category/attributes/feed/index.html]
[api.jquery.com/jQuery.cssHooks/index.html]
[api.jquery.com/category/manipulation/feed/index.html]
[api.jquery.com/category/manipulation/class-attribute/feed/index.html]
[api.jquery.com/category/css/feed/index.html]
[api.jquery.com/addClass/feed/index.html]
[api.jquery.com/category/manipulation/dom-insertion-outside/feed/index.html]
[api.jquery.com/after/feed/index.html]
[api.jquery.com/jQuery.data/index.html]
[api.jquery.com/category/ajax/feed/index.html]
[api.jquery.com/category/ajax/global-ajax-event-handlers/feed/index.html]
[api.jquery.com/ajaxComplete/feed/index.html]
[api.jquery.com/Ajax_Events/index.html]
[api.jquery.com/ajaxError/feed/index.html]
[api.jquery.com/jQuery.Ajax/index-2.html]
[api.jquery.com/ajaxSend/feed/index.html]
[api.jquery.com/ajaxStart/feed/index.html]
[api.jquery.com/ajaxStop/feed/index.html]
[api.jquery.com/ajaxSuccess/feed/index.html]
[api.jquery.com/category/selectors/feed/index.html]
[api.jquery.com/all-selector/feed/index.html]
[api.jquery.com/category/selectors/basic-css-selectors/feed/index.html]
[api.jquery.com/andSelf/feed/index.html]
[api.jquery.com/category/effects/custom-effects/feed/index.html]
[api.jquery.com/category/effects/feed/index.html]
[api.jquery.com/animate/feed/index.html]
[api.jquery.com/resources/animate-1.jpg]
[api.jquery.com/jQuery.Deferred/index.html]
[api.jquery.com/resources/animate-2.jpg]
[api.jquery.com/jquery.fx.off/index-2.html]
[api.jquery.com/jQuery.dequeue/index.html]
[api.jquery.com/jQuery.each/index.html]
[api.jquery.com/category/selectors/basic-filter-selectors/feed/index.html]
[api.jquery.com/category/selectors/jquery-selector-extensions/feed/index.html]
[api.jquery.com/jQuery.error/index.html]
[api.jquery.com/animated-selector/feed/index.html]
[api.jquery.com/jQuery.extend/index.html]
[api.jquery.com/jQuery.fx.interval/index.html]
[api.jquery.com/jQuery.fx.off/index.html]
[api.jquery.com/category/manipulation/dom-insertion-inside/feed/index.html]
[api.jquery.com/append/feed/index.html]
[api.jquery.com/category/ajax/shorthand-methods/index.html]
[api.jquery.com/jQuery.get/index.html]
[api.jquery.com/appendTo/feed/index.html]
[api.jquery.com/category/manipulation/general-attributes/feed/index.html]
[api.jquery.com/attr/feed/index.html]
[api.jquery.com/jQuery.getJSON/index.html]
[api.jquery.com/jQuery.getScript/index.html]
[api.jquery.com/category/selectors/attribute-selectors/feed/index.html]
[api.jquery.com/jQuery.globalEval/index.html]
[api.jquery.com/attribute-contains-prefix-selector/feed/index.html]
[api.jquery.com/jQuery.grep/index.html]
[api.jquery.com/attribute-contains-selector/feed/index.html]
[api.jquery.com/jQuery.hasData/index.html]
[api.jquery.com/jQuery.holdReady/index.html]
[api.jquery.com/jQuery.inArray/index.html]
[api.jquery.com/attribute-contains-word-selector/feed/index.html]
[api.jquery.com/jQuery.isArray/index.html]
[api.jquery.com/attribute-ends-with-selector/feed/index.html]
[api.jquery.com/jQuery.isEmptyObject/index.html]
[api.jquery.com/attribute-equals-selector/feed/index.html]
[api.jquery.com/jQuery.isFunction/index.html]
[api.jquery.com/jQuery.isNumeric/index.html]
[api.jquery.com/attribute-not-equal-selector/feed/index.html]
[api.jquery.com/attribute-starts-with-selector/feed/index.html]
[api.jquery.com/jQuery.isPlainObject/index.html]
[api.jquery.com/jQuery.isWindow/index.html]
[api.jquery.com/before/feed/index.html]
[api.jquery.com/jQuery.isXMLDoc/index.html]
[api.jquery.com/category/events/feed/index.html]
[api.jquery.com/category/events/event-handler-attachment/feed/index.html]
[api.jquery.com/jQuery.makeArray/index.html]
[api.jquery.com/bind/feed/index.html]
[api.jquery.com/jQuery.map/index.html]
[api.jquery.com/jQuery.merge/index.html]
[api.jquery.com/category/events/form-events/feed/index.html]
[api.jquery.com/category/forms/feed/index.html]
[api.jquery.com/category/miscellaneous/setup-methods/index.html]
[api.jquery.com/blur/feed/index.html]
[api.jquery.com/jQuery.noConflict/index.html]
[api.jquery.com/jQuery.noop/index.html]
[api.jquery.com/jQuery.now/index.html]
[api.jquery.com/category/selectors/form-selectors/feed/index.html]
[api.jquery.com/button-selector/feed/index.html]
[api.jquery.com/category/ajax/helper-functions/index.html]
[api.jquery.com/jQuery.param/index.html]
[api.jquery.com/category/callbacks-object/feed/index.html]
[api.jquery.com/jQuery.parseHTML/index.html]
[api.jquery.com/jQuery.parseJSON/index.html]
[api.jquery.com/jQuery.parseXML/index.html]
[api.jquery.com/callbacks.add/feed/index.html]
[api.jquery.com/callbacks.disable/feed/index.html]
[api.jquery.com/jQuery.post/index.html]
[api.jquery.com/jQuery.proxy/index.html]
[api.jquery.com/callbacks.disabled/feed/index.html]
[api.jquery.com/jQuery.queue/index.html]
[api.jquery.com/callbacks.empty/feed/index.html]
[api.jquery.com/callbacks.fire/feed/index.html]
[api.jquery.com/jQuery.removeData/index.html]
[api.jquery.com/jQuery.sub/index.html]
[api.jquery.com/jQuery.support/index.html]
[api.jquery.com/callbacks.fired/feed/index.html]
[api.jquery.com/jQuery.trim/index.html]
[api.jquery.com/callbacks.fireWith/feed/index.html]
[api.jquery.com/jQuery.type/index.html]
[api.jquery.com/jQuery.unique/index.html]
[api.jquery.com/callbacks.has/feed/index.html]
[api.jquery.com/jQuery.when/index.html]
[api.jquery.com/keydown/index.html]
[api.jquery.com/callbacks.lock/feed/index.html]
[api.jquery.com/callbacks.locked/feed/index.html]
[api.jquery.com/keypress/index.html]
[api.jquery.com/keyup/index.html]
[api.jquery.com/lang-selector/index.html]
[api.jquery.com/callbacks.remove/feed/index.html]
[api.jquery.com/last/index.html]
[api.jquery.com/change/feed/index.html]
[api.jquery.com/checkbox-selector/feed/index.html]
[api.jquery.com/last-child-selector/index.html]
[api.jquery.com/last-of-type-selector/index.html]
[api.jquery.com/last-selector/index.html]
[api.jquery.com/checked-selector/feed/index.html]
[api.jquery.com/category/selectors/hierarchy-selectors/feed/index.html]
[api.jquery.com/child-selector/feed/index.html]
[api.jquery.com/category/traversing/tree-traversal/feed/index.html]
[api.jquery.com/children/feed/index.html]
[api.jquery.com/length/index.html]
[api.jquery.com/live/index.html]
[api.jquery.com/class-selector/feed/index.html]
[api.jquery.com/category/data/feed/index.html]
[api.jquery.com/category/utilities/feed/index.html]
[api.jquery.com/clearQueue/feed/index.html]
[api.jquery.com/load/index.html]
[api.jquery.com/category/events/document-loading/index.html]
[api.jquery.com/category/events/mouse-events/feed/index.html]
[api.jquery.com/click/feed/index.html]
[api.jquery.com/load-event/index.html]
[api.jquery.com/lt-selector/index.html]
[api.jquery.com/resources/0042_05_03.png]
[api.jquery.com/map/index.html]
[api.jquery.com/category/manipulation/copying/feed/index.html]
[api.jquery.com/mousedown/index.html]
[api.jquery.com/clone/feed/index.html]
[api.jquery.com/resources/0042_05_08.png]
[api.jquery.com/mouseenter/index.html]
[api.jquery.com/mouseleave/index.html]
[api.jquery.com/mousemove/index.html]
[api.jquery.com/closest/feed/index.html]
[api.jquery.com/mouseout/index.html]
[api.jquery.com/category/selectors/content-filter-selector/feed/index.html]
[api.jquery.com/mouseover/index.html]
[api.jquery.com/contains-selector/feed/index.html]
[api.jquery.com/contents/feed/index.html]
[api.jquery.com/mouseup/index.html]
[api.jquery.com/multiple-attribute-selector/index.html]
[api.jquery.com/resources/0042_05_02.png]
[api.jquery.com/category/properties/feed/index.html]
[api.jquery.com/category/internals/feed/index.html]
[api.jquery.com/multiple-selector/index.html]
[api.jquery.com/category/properties/jquery-object-instance-properties/feed/index.html]
[api.jquery.com/context/feed/index.html]
[api.jquery.com/next/index.html]
[api.jquery.com/next-adjacent-Selector/index.html]
[api.jquery.com/next-siblings-selector/index.html]
[api.jquery.com/nextAll/index.html]
[api.jquery.com/category/manipulation/style-properties/feed/index.html]
[api.jquery.com/css/feed/index.html]
[api.jquery.com/nextUntil/index.html]
[api.jquery.com/not/index.html]
[api.jquery.com/category/miscellaneous/feed/index.html]
[api.jquery.com/category/miscellaneous/data-storage/feed/index.html]
[api.jquery.com/not-selector/index.html]
[api.jquery.com/data/feed/index.html]
[api.jquery.com/nth-last-child-selector/index.html]
[api.jquery.com/dblclick/feed/index.html]
[api.jquery.com/nth-last-of-type-selector/index.html]
[api.jquery.com/nth-of-type-selector/index.html]
[api.jquery.com/resources/0042_05_04.png]
[api.jquery.com/category/deferred-object/feed/index.html]
[api.jquery.com/deferred.always/feed/index.html]
[api.jquery.com/odd-selector/index.html]
[api.jquery.com/deferred.done/feed/index.html]
[api.jquery.com/off/index.html]
[api.jquery.com/deferred.fail/feed/index.html]
[api.jquery.com/category/offset/index.html]
[api.jquery.com/offset/index.html]
[api.jquery.com/deferred.isRejected/feed/index.html]
[api.jquery.com/offsetParent/index.html]
[api.jquery.com/deferred.isResolved/feed/index.html]
[api.jquery.com/on/index.html]
[api.jquery.com/deferred.notify/feed/index.html]
[api.jquery.com/deferred.notifyWith/feed/index.html]
[api.jquery.com/deferred.progress/feed/index.html]
[api.jquery.com/one/index.html]
[api.jquery.com/deferred.pipe/feed/index.html]
[api.jquery.com/only-child-selector/index.html]
[api.jquery.com/only-of-type-selector/index.html]
[api.jquery.com/deferred.promise/feed/index.html]
[api.jquery.com/jquery.deferred/index-2.html]
[api.jquery.com/deferred.reject/feed/index.html]
[api.jquery.com/resources/0042_04_03.91.delayed]
[api.jquery.com/deferred.rejectWith/feed/index.html]
[api.jquery.com/outerHeight/index.html]
[api.jquery.com/outerWidth/index.html]
[api.jquery.com/parent/index.html]
[api.jquery.com/deferred.resolve/feed/index.html]
[api.jquery.com/parent-selector/index.html]
[api.jquery.com/deferred.resolveWith/feed/index.html]
[api.jquery.com/parents/index.html]
[api.jquery.com/parentsUntil/index.html]
[api.jquery.com/deferred.state/feed/index.html]
[api.jquery.com/deferred.then/feed/index.html]
[api.jquery.com/password-selector/index.html]
[api.jquery.com/position/index.html]
[api.jquery.com/delay/feed/index.html]
[api.jquery.com/delegate/feed/index.html]
[api.jquery.com/prepend/index.html]
[api.jquery.com/descendant-selector/feed/index.html]
[api.jquery.com/dequeue/feed/index.html]
[api.jquery.com/prependTo/index.html]
[api.jquery.com/category/manipulation/dom-removal/feed/index.html]
[api.jquery.com/detach/feed/index.html]
[api.jquery.com/prev/index.html]
[api.jquery.com/prevAll/index.html]
[api.jquery.com/prevUntil/index.html]
[api.jquery.com/die/feed/index.html]
[api.jquery.com/disabled-selector/feed/index.html]
[api.jquery.com/promise/index.html]
[api.jquery.com/category/miscellaneous/collection-manipulation/feed/index.html]
[api.jquery.com/each/feed/index.html]
[api.jquery.com/prop/index.html]
[api.jquery.com/element-selector/feed/index.html]
[api.jquery.com/pushStack/index.html]
[api.jquery.com/queue/index.html]
[api.jquery.com/empty/feed/index.html]
[api.jquery.com/radio-selector/index.html]
[api.jquery.com/empty-selector/feed/index.html]
[api.jquery.com/ready/index.html]
[api.jquery.com/end/feed/index.html]
[api.jquery.com/enabled-selector/feed/index.html]
[api.jquery.com/category/traversing/filtering/feed/index.html]
[api.jquery.com/remove/index.html]
[api.jquery.com/removeAttr/index.html]
[api.jquery.com/eq/feed/index.html]
[api.jquery.com/removeClass/index.html]
[api.jquery.com/eq-selector/feed/index.html]
[api.jquery.com/removeData/index.html]
[api.jquery.com/category/events/browser-events/feed/index.html]
[api.jquery.com/error/feed/index.html]
[api.jquery.com/even-selector/feed/index.html]
[api.jquery.com/removeProp/index.html]
[api.jquery.com/category/events/event-object/feed/index.html]
[api.jquery.com/event.currentTarget/feed/index.html]
[api.jquery.com/category/manipulation/dom-replacement/index.html]
[api.jquery.com/event.data/feed/index.html]
[api.jquery.com/replaceAll/index.html]
[api.jquery.com/replaceWith/index.html]
[api.jquery.com/event.delegateTarget/feed/index.html]
[api.jquery.com/reset-selector/index.html]
[api.jquery.com/resize/index.html]
[api.jquery.com/event.isDefaultPrevented/feed/index.html]
[api.jquery.com/root-selector/index.html]
[api.jquery.com/scroll/index.html]
[api.jquery.com/event.isImmediatePropagationStopped/feed/index.html]
[api.jquery.com/scrollLeft/index.html]
[api.jquery.com/scrollTop/index.html]
[api.jquery.com/select/index.html]
[api.jquery.com/event.isPropagationStopped/feed/index.html]
[api.jquery.com/selected-selector/index.html]
[api.jquery.com/event.metaKey/feed/index.html]
[api.jquery.com/selector/index.html]
[api.jquery.com/serialize/index.html]
[api.jquery.com/serializeArray/index.html]
[api.jquery.com/show/index.html]
[api.jquery.com/event.namespace/feed/index.html]
[api.jquery.com/siblings/index.html]
[api.jquery.com/size/index.html]
[api.jquery.com/event.pageX/feed/index.html]
[api.jquery.com/slice/index.html]
[api.jquery.com/category/effects/sliding/index.html]
[api.jquery.com/slideDown/index.html]
[api.jquery.com/event.pageY/feed/index.html]
[api.jquery.com/event.preventDefault/feed/index.html]
[api.jquery.com/slideToggle/index.html]
[api.jquery.com/event.relatedTarget/feed/index.html]
[api.jquery.com/slideUp/index.html]
[api.jquery.com/stop/index.html]
[api.jquery.com/resources/0042_06_24.png]
[api.jquery.com/submit/index.html]
[api.jquery.com/event.result/feed/index.html]
[api.jquery.com/event.stopImmediatePropagation/feed/index.html]
[api.jquery.com/submit-selector/index.html]
[api.jquery.com/target-selector/index.html]
[api.jquery.com/event.stopPropagation/feed/index.html]
[api.jquery.com/event.target/feed/index.html]
[api.jquery.com/text/index.html]
[api.jquery.com/event.timeStamp/feed/index.html]
[api.jquery.com/text-selector/index.html]
[api.jquery.com/event.type/feed/index.html]
[api.jquery.com/toArray/index.html]
[api.jquery.com/event.which/feed/index.html]
[api.jquery.com/toggle/index.html]
[api.jquery.com/category/deprecated/index.html]
[api.jquery.com/resources/0042_06_13.png]
[api.jquery.com/category/deprecated/deprecated-1.8/index.html]
[api.jquery.com/category/effects/fading/feed/index.html]
[api.jquery.com/resources/0042_06_33.png]
[api.jquery.com/toggle-event/index.html]
[api.jquery.com/fadeIn/feed/index.html]
[api.jquery.com/toggleClass/index.html]
[api.jquery.com/resources/0042_06_35.png]
[api.jquery.com/resources/0042_06_34.png]
[api.jquery.com/trigger/index.html]
[api.jquery.com/triggerHandler/index.html]
[api.jquery.com/resources/0042_06_36.png]
[api.jquery.com/fadeOut/feed/index.html]
[api.jquery.com/resources/0042_06_37.png]
[api.jquery.com/resources/0042_06_39.png]
[api.jquery.com/resources/0042_06_38.png]
[api.jquery.com/resources/0042_06_40.png]
[api.jquery.com/unbind/index.html]
[api.jquery.com/fadeTo/feed/index.html]
[api.jquery.com/fadeToggle/feed/index.html]
[api.jquery.com/undelegate/index.html]
[api.jquery.com/file-selector/feed/index.html]
[api.jquery.com/unload/index.html]
[api.jquery.com/category/manipulation/dom-insertion-around/index.html]
[api.jquery.com/filter/feed/index.html]
[api.jquery.com/find/feed/index.html]
[api.jquery.com/finish/feed/index.html]
[api.jquery.com/unwrap/index.html]
[api.jquery.com/jquery/index-2.html]
[api.jquery.com/first/feed/index.html]
[api.jquery.com/category/selectors/child-filter-selectors/feed/index.html]
[api.jquery.com/first-child-selector/feed/index.html]
[api.jquery.com/val/index.html]
[api.jquery.com/first-of-type-selector/feed/index.html]
[api.jquery.com/visible-selector/index.html]
[api.jquery.com/width/index.html]
[api.jquery.com/wrap/index.html]
[api.jquery.com/first-selector/feed/index.html]
[api.jquery.com/focus/feed/index.html]
[api.jquery.com/wrapAll/index.html]
[api.jquery.com/wrapInner/index.html]
[api.jquery.com/indexc471.html]
[api.jquery.com/focus-selector/feed/index.html]
[api.jquery.com/category/events/keyboard-events/feed/index.html]
[api.jquery.com/focusin/feed/index.html]
[api.jquery.com/focusout/feed/index.html]
[api.jquery.com/category/miscellaneous/dom-element-methods/feed/index.html]
[api.jquery.com/get/feed/index.html]
[api.jquery.com/Types/index.html]
[api.jquery.com/indexc4f7.html]
[api.jquery.com/gt-selector/feed/index.html]
[api.jquery.com/indexb5fb.html]
[api.jquery.com/index5757.html]
[api.jquery.com/has/feed/index.html]
[api.jquery.com/index2dc4.html]
[api.jquery.com/Ajax_Events/index.html]
[api.jquery.com/has-attribute-selector/feed/index.html]
[api.jquery.com/has-selector/feed/index.html]
[api.jquery.com/hasClass/feed/index.html]
[api.jquery.com/header-selector/feed/index.html]
[api.jquery.com/category/dimensions/feed/index.html]
[api.jquery.com/height/feed/index.html]
[api.jquery.com/resources/0042_04_01.png]
[api.jquery.com/jQuery.Ajax/index-2.html]
[api.jquery.com/category/selectors/visibility-filter-selectors/feed/index.html]
[api.jquery.com/hidden-selector/feed/index.html]
[api.jquery.com/indexa1ca.html]
[api.jquery.com/hide/feed/index.html]
[api.jquery.com/category/effects/basics/feed/index.html]
[api.jquery.com/indexd8eb.html]
[api.jquery.com/index5831.html]
[api.jquery.com/resources/0042_06_06.png]
[api.jquery.com/index3965.html]
[api.jquery.com/index40a0.html]
[api.jquery.com/hover/feed/index.html]
[api.jquery.com/index970c.html]
[api.jquery.com/index1c4a.html]
[api.jquery.com/html/feed/index.html]
[api.jquery.com/index9cd7.html]
[api.jquery.com/jquery.fx.off/index-2.html]
[api.jquery.com/indexc7e3.html]
[api.jquery.com/id-selector/feed/index.html]
[api.jquery.com/indexdd23.html]
[api.jquery.com/image-selector/feed/index.html]
[api.jquery.com/index5c90.html]
[api.jquery.com/index4837.html]
[api.jquery.com/indexba52.html]
[api.jquery.com/index/feed/index.html]
[api.jquery.com/indexcbb6.html]
[api.jquery.com/innerHeight/feed/index.html]
[api.jquery.com/index4170.html]
[api.jquery.com/index5e74.html]
[api.jquery.com/resources/0042_04_02.png]
[api.jquery.com/indexcb30.html]
[api.jquery.com/resources/0042_04_05.png]
[api.jquery.com/index0012.html]
[api.jquery.com/index8cf7.html]
[api.jquery.com/innerWidth/feed/index.html]
[api.jquery.com/index5fb3.html]
[api.jquery.com/input-selector/feed/index.html]
[api.jquery.com/index8054.html]
[api.jquery.com/insertAfter/feed/index.html]
[api.jquery.com/index9787.html]
[api.jquery.com/index1098.html]
[api.jquery.com/index094d.html]
[api.jquery.com/index2cce.html]
[api.jquery.com/insertBefore/feed/index.html]
[api.jquery.com/index7665.html]
[api.jquery.com/index96f1.html]
[api.jquery.com/is/feed/index.html]
[api.jquery.com/indexe2dc.html]
[api.jquery.com/index6cf3.html]
[api.jquery.com/jQuery/feed/index.html]
[api.jquery.com/category/core/feed/index.html]
[api.jquery.com/index8cae.html]
[api.jquery.com/indexe839.html]
[api.jquery.com/jquery-2/feed/index.html]
[api.jquery.com/indexb135.html]
[api.jquery.com/index6ffe.html]
[api.jquery.com/category/ajax/low-level-interface/feed/index.html]
[api.jquery.com/jQuery.ajax/feed/index.html]
[api.jquery.com/index44d0.html]
[api.jquery.com/index55e4.html]
[api.jquery.com/jQuery.ajaxPrefilter/feed/index.html]
[api.jquery.com/index648c.html]
[api.jquery.com/jQuery.ajaxSetup/feed/index.html]
[api.jquery.com/index5d38.html]
[api.jquery.com/index3fbb.html]
[api.jquery.com/jQuery.ajaxTransport/feed/index.html]
[api.jquery.com/index5cfa.html]
[api.jquery.com/index36d4.html]
[api.jquery.com/index5eda.html]
[api.jquery.com/jQuery.boxModel/feed/index.html]
[api.jquery.com/category/properties/global-jquery-object-properties/feed/index.html]
[api.jquery.com/indexb190.html]
[api.jquery.com/index5401.html]
[api.jquery.com/jQuery.browser/feed/index.html]
[api.jquery.com/index198a.html]
[api.jquery.com/indexe6f0.html]
[api.jquery.com/jQuery.Callbacks/feed/index.html]
[api.jquery.com/indexea0f.html]
[api.jquery.com/index5a24.html]
[api.jquery.com/indexe887.html]
[api.jquery.com/jQuery.contains/feed/index.html]
[api.jquery.com/indexbbbb.html]
[api.jquery.com/jQuery.cssHooks/feed/index.html]
[api.jquery.com/index3961.html]
[api.jquery.com/index0a10.html]
[api.jquery.com/jQuery.data/feed/index.html]
[api.jquery.com/index8320.html]
[api.jquery.com/index7737.html]
[api.jquery.com/indexe856.html]
[api.jquery.com/indexb8c4.html]
[api.jquery.com/jQuery.Deferred/feed/index.html]
[api.jquery.com/index5070.html]
[api.jquery.com/jQuery.dequeue/feed/index.html]
[api.jquery.com/index9751.html]
[api.jquery.com/jQuery.each/feed/index.html]
[api.jquery.com/index1c00.html]
[api.jquery.com/indexd52d.html]
[api.jquery.com/jQuery.error/feed/index.html]
[api.jquery.com/jQuery.extend/feed/index.html]
[api.jquery.com/jQuery.fx.interval/feed/index.html]
[api.jquery.com/jQuery.fx.off/feed/index.html]
[api.jquery.com/category/ajax/shorthand-methods/feed/index.html]
[api.jquery.com/jQuery.get/feed/index.html]
[api.jquery.com/jQuery.getJSON/feed/index.html]
[api.jquery.com/jQuery.getScript/feed/index.html]
[api.jquery.com/jQuery.globalEval/feed/index.html]
[api.jquery.com/jquery.ajaxsetup/index-2.html]
[api.jquery.com/jQuery.grep/feed/index.html]
[api.jquery.com/jQuery.hasData/feed/index.html]
[api.jquery.com/jQuery.holdReady/feed/index.html]
[api.jquery.com/jquery.deferred/index-2.html]
[api.jquery.com/jQuery.inArray/feed/index.html]
[api.jquery.com/index9c49.html]
[api.jquery.com/jQuery.isArray/feed/index.html]
[api.jquery.com/index86fa.html]
[api.jquery.com/index60d6.html]
[api.jquery.com/jQuery.isEmptyObject/feed/index.html]
[api.jquery.com/indexb4d2.html]
[api.jquery.com/index269b.html]
[api.jquery.com/indexdc22.html]
[api.jquery.com/jQuery.isFunction/feed/index.html]
[api.jquery.com/indexbe3b.html]
[api.jquery.com/index2fa7.html]
[api.jquery.com/index8bc8.html]
[api.jquery.com/jQuery.isNumeric/feed/index.html]
[api.jquery.com/jQuery.isPlainObject/feed/index.html]
[api.jquery.com/indexe539.html]
[api.jquery.com/indexd7d8.html]
[api.jquery.com/jQuery.isWindow/feed/index.html]
[api.jquery.com/index43b2.html]
[api.jquery.com/index5791.html]
[api.jquery.com/jQuery.isXMLDoc/feed/index.html]
[api.jquery.com/indexb950.html]
[api.jquery.com/index8816.html]
[api.jquery.com/jQuery.makeArray/feed/index.html]
[api.jquery.com/index4034.html]
[api.jquery.com/index3350.html]
[api.jquery.com/index17d5.html]
[api.jquery.com/jQuery.map/feed/index.html]
[api.jquery.com/indexff23.html]
[api.jquery.com/indexa828.html]
[api.jquery.com/jQuery.merge/feed/index.html]
[api.jquery.com/indexa09e.html]
[api.jquery.com/indexec4a.html]
[api.jquery.com/jQuery.noConflict/feed/index.html]
[api.jquery.com/category/miscellaneous/setup-methods/feed/index.html]
[api.jquery.com/indexb7c7.html]
[api.jquery.com/jQuery.noop/feed/index.html]
[api.jquery.com/indexccf8.html]
[api.jquery.com/index7c2c.html]
[api.jquery.com/indexe8f5.html]
[api.jquery.com/jQuery.now/feed/index.html]
[api.jquery.com/indexb998.html]
[api.jquery.com/indexc885.html]
[api.jquery.com/indexa80c.html]
[api.jquery.com/category/ajax/helper-functions/feed/index.html]
[api.jquery.com/jQuery.param/feed/index.html]
[api.jquery.com/indexbbbf.html]
[api.jquery.com/jQuery.parseHTML/feed/index.html]
[api.jquery.com/index28c5.html]
[api.jquery.com/jQuery.parseJSON/feed/index.html]
[api.jquery.com/index78d6.html]
[api.jquery.com/index85b3.html]
[api.jquery.com/index5051.html]
[api.jquery.com/jQuery.parseXML/feed/index.html]
[api.jquery.com/index5721.html]
[api.jquery.com/jQuery.post/feed/index.html]
[api.jquery.com/indexc39e.html]
[api.jquery.com/indexc140.html]
[api.jquery.com/jQuery.proxy/feed/index.html]
[api.jquery.com/indexeb91.html]
[api.jquery.com/index4e6a.html]
[api.jquery.com/jQuery.queue/feed/index.html]
[api.jquery.com/index0114.html]
[api.jquery.com/indexf3dd.html]
[api.jquery.com/indexd7c9.html]
[api.jquery.com/jQuery.removeData/feed/index.html]
[api.jquery.com/indexc094.html]
[api.jquery.com/index50f6.html]
[api.jquery.com/jQuery.sub/feed/index.html]
[api.jquery.com/indexd5db.html]
[api.jquery.com/indexd027.html]
[api.jquery.com/jQuery.support/feed/index.html]
[api.jquery.com/images/0042_06_41.html]
[api.jquery.com/jQuery.trim/feed/index.html]
[api.jquery.com/images/0042_06_42.html]
[api.jquery.com/jQuery.type/feed/index.html]
[api.jquery.com/images/0042_06_43.html]
[api.jquery.com/images/0042_06_44.html]
[api.jquery.com/indexfa80.html]
[api.jquery.com/index9a88.html]
[api.jquery.com/jQuery.unique/feed/index.html]
[api.jquery.com/index4580.html]
[api.jquery.com/index9873.html]
[api.jquery.com/jQuery.when/feed/index.html]
[api.jquery.com/keydown/feed/index.html]
[api.jquery.com/keypress/feed/index.html]
[api.jquery.com/keyup/feed/index.html]
[api.jquery.com/lang-selector/feed/index.html]
[api.jquery.com/last/feed/index.html]
[api.jquery.com/jquery/index-2.html]
[api.jquery.com/indexdd92.html]
[api.jquery.com/last-child-selector/feed/index.html]
[api.jquery.com/index8a71.html]
[api.jquery.com/index85b0.html]
[api.jquery.com/last-of-type-selector/feed/index.html]
[api.jquery.com/index6f5e.html]
[api.jquery.com/last-selector/feed/index.html]
[api.jquery.com/index5f0f.html]
[api.jquery.com/index03e1.html]
[api.jquery.com/index1639.html]
[api.jquery.com/indexfbc5.html]
[api.jquery.com/length/feed/index.html]
[api.jquery.com/indexe1a1.html]
[api.jquery.com/live/feed/index.html]
[api.jquery.com/index8cf0.html]
[api.jquery.com/load/feed/index.html]
[api.jquery.com/index1a93.html]
[api.jquery.com/index0c93.html]
[api.jquery.com/indexd6e1.html]
[api.jquery.com/index5ed0.html]
[api.jquery.com/category/events/document-loading/feed/index.html]
[api.jquery.com/load-event/feed/index.html]
[api.jquery.com/index548d.html]
[api.jquery.com/lt-selector/feed/index.html]
[api.jquery.com/indexc544.html]
[api.jquery.com/indexd89d.html]
[api.jquery.com/index8fee.html]
[api.jquery.com/map/feed/index.html]
[api.jquery.com/indexc61d.html]
[api.jquery.com/index3786.html]
[api.jquery.com/resources/0042_05_01.png]
[api.jquery.com/index67bc.html]
[api.jquery.com/mousedown/feed/index.html]
[api.jquery.com/index0776.html]
[api.jquery.com/index7dad.html]
[api.jquery.com/mouseenter/feed/index.html]
[api.jquery.com/mouseleave/feed/index.html]
[api.jquery.com/index0b1f.html]
[api.jquery.com/index9076.html]
[api.jquery.com/resources/0042_05_09.png]
[api.jquery.com/index45c8.html]
[api.jquery.com/index73fa.html]
[api.jquery.com/index30e3.html]
[api.jquery.com/mousemove/feed/index.html]
[api.jquery.com/indexd0b8.html]
[api.jquery.com/mouseout/feed/index.html]
[api.jquery.com/index486a.html]
[api.jquery.com/resources/0042_05_07.png]
[api.jquery.com/indexb247.html]
[api.jquery.com/index8902.html]
[api.jquery.com/mouseover/feed/index.html]
[api.jquery.com/resources/0042_05_06.png]
[api.jquery.com/index820e.html]
[api.jquery.com/index89a1.html]
[api.jquery.com/index1422.html]
[api.jquery.com/mouseup/feed/index.html]
[api.jquery.com/index07ee.html]
[api.jquery.com/indexbc9e.html]
[api.jquery.com/multiple-attribute-selector/feed/index.html]
[api.jquery.com/index8a7d.html]
[api.jquery.com/indexa853.html]
[api.jquery.com/index4720.html]
[api.jquery.com/multiple-selector/feed/index.html]
[api.jquery.com/next/feed/index.html]
[api.jquery.com/index2915.html]
[api.jquery.com/next-adjacent-Selector/feed/index.html]
[api.jquery.com/indexef92.html]
[api.jquery.com/index2e31.html]
[api.jquery.com/index8c55.html]
[api.jquery.com/index7d3e.html]
[api.jquery.com/next-siblings-selector/feed/index.html]
[api.jquery.com/index4ef8.html]
[api.jquery.com/nextAll/feed/index.html]
[api.jquery.com/index63fb.html]
[api.jquery.com/index8ee7.html]
[api.jquery.com/index3cee.html]
[api.jquery.com/nextUntil/feed/index.html]
[api.jquery.com/indexf175.html]
[api.jquery.com/index5355.html]
[api.jquery.com/not/feed/index.html]
[api.jquery.com/index834e.html]
[api.jquery.com/not-selector/feed/index.html]
[api.jquery.com/nth-child-selector/index.html]
[api.jquery.com/nth-last-of-type-selector/feed/index.html]
[api.jquery.com/nth-last-child-selector/feed/index.html]
[api.jquery.com/jquery.ajaxsetup/index-2.html]
[api.jquery.com/nth-of-type-selector/feed/index.html]
[api.jquery.com/index371d.html]
[api.jquery.com/odd-selector/feed/index.html]
[api.jquery.com/indexf604.html]
[api.jquery.com/index5294.html]
[api.jquery.com/off/feed/index.html]
[api.jquery.com/indexf6a9.html]
[api.jquery.com/category/offset/feed/index.html]
[api.jquery.com/index47c4.html]
[api.jquery.com/offset/feed/index.html]
[api.jquery.com/index3e1b.html]
[api.jquery.com/index50ca.html]
[api.jquery.com/offsetParent/feed/index.html]
[api.jquery.com/index0974.html]
[api.jquery.com/on/feed/index.html]
[api.jquery.com/index601c.html]
[api.jquery.com/indexec81.html]
[api.jquery.com/one/feed/index.html]
[api.jquery.com/category/event-object/index.html]
[api.jquery.com/indexbc6e.html]
[api.jquery.com/indexc9bf.html]
[api.jquery.com/indexec1b.html]
[api.jquery.com/only-child-selector/feed/index.html]
[api.jquery.com/indexcaf0.html]
[api.jquery.com/only-of-type-selector/feed/index.html]
[api.jquery.com/index76f0.html]
[api.jquery.com/index481e.html]
[api.jquery.com/outerHeight/feed/index.html]
[api.jquery.com/index18ee.html]
[api.jquery.com/index55d4.html]
[api.jquery.com/index0261.html]
[api.jquery.com/resources/0042_04_06.png]
[api.jquery.com/indexead7.html]
[api.jquery.com/index9f0a.html]
[api.jquery.com/parent/feed/index.html]
[api.jquery.com/index7080.html]
[api.jquery.com/index3922.html]
[api.jquery.com/parent-selector/feed/index.html]
[api.jquery.com/outerWidth/feed/index.html]
[api.jquery.com/indexa7ab.html]
[api.jquery.com/parents/feed/index.html]
[api.jquery.com/index60bd.html]
[api.jquery.com/index1f38.html]
[api.jquery.com/index3f97.html]
[api.jquery.com/parentsUntil/feed/index.html]
[api.jquery.com/indexf1ac.html]
[api.jquery.com/index1caa.html]
[api.jquery.com/index2325.html]
[api.jquery.com/password-selector/feed/index.html]
[api.jquery.com/index64d4.html]
[api.jquery.com/indexa9ab.html]
[api.jquery.com/position/feed/index.html]
[api.jquery.com/index0449.html]
[api.jquery.com/indexae62.html]
[api.jquery.com/prepend/feed/index.html]
[api.jquery.com/index0945.html]
[api.jquery.com/index8f9f.html]
[api.jquery.com/prependTo/feed/index.html]
[api.jquery.com/index4efb.html]
[api.jquery.com/indexfef8.html]
[api.jquery.com/index82dc.html]
[api.jquery.com/prev/feed/index.html]
[api.jquery.com/index23ea.html]
[api.jquery.com/prevAll/feed/index.html]
[api.jquery.com/prevUntil/feed/index.html]
[api.jquery.com/indexffa6.html]
[api.jquery.com/indexe145.html]
[api.jquery.com/index672e.html]
[api.jquery.com/index8eaf.html]
[api.jquery.com/promise/feed/index.html]
[api.jquery.com/indexd519.html]
[api.jquery.com/prop/feed/index.html]
[api.jquery.com/indexb8c6.html]
[api.jquery.com/indexbdfa.html]
[api.jquery.com/index504f.html]
[api.jquery.com/pushStack/feed/index.html]
[api.jquery.com/indexb351.html]
[api.jquery.com/index27ac.html]
[api.jquery.com/queue/feed/index.html]
[api.jquery.com/indexa942.html]
[api.jquery.com/indexedce.html]
[api.jquery.com/radio-selector/feed/index.html]
[api.jquery.com/index88c3.html]
[api.jquery.com/ready/feed/index.html]
[api.jquery.com/index1557.html]
[api.jquery.com/remove/feed/index.html]
[api.jquery.com/index6205.html]
[api.jquery.com/indexdf01.html]
[api.jquery.com/index14c7.html]
[api.jquery.com/indexfcc0.html]
[api.jquery.com/removeAttr/feed/index.html]
[api.jquery.com/indexe0b1.html]
[api.jquery.com/index0ecd.html]
[api.jquery.com/indexb47e.html]
[api.jquery.com/removeClass/feed/index.html]
[api.jquery.com/removeData/feed/index.html]
[api.jquery.com/index42fe.html]
[api.jquery.com/removeProp/feed/index.html]
[api.jquery.com/nth-child-selector/index.html]
[api.jquery.com/index0865.html]
[api.jquery.com/index7270.html]
[api.jquery.com/indexc8e5.html]
[api.jquery.com/category/manipulation/dom-replacement/feed/index.html]
[api.jquery.com/replaceAll/feed/index.html]
[api.jquery.com/index06d3.html]
[api.jquery.com/replaceWith/feed/index.html]
[api.jquery.com/index9e38.html]
[api.jquery.com/index9d51.html]
[api.jquery.com/index6595.html]
[api.jquery.com/indexfe24.html]
[api.jquery.com/reset-selector/feed/index.html]
[api.jquery.com/resize/feed/index.html]
[api.jquery.com/category/event-object/index.html]
[api.jquery.com/root-selector/feed/index.html]
[api.jquery.com/scroll/feed/index.html]
[api.jquery.com/indexbbbc.html]
[api.jquery.com/index6b92.html]
[api.jquery.com/indexc5f9.html]
[api.jquery.com/resources/0042_05_11.png]
[api.jquery.com/index7ab1.html]
[api.jquery.com/resources/0042_04_03.html]
[api.jquery.com/scrollLeft/feed/index.html]
[api.jquery.com/scrollTop/feed/index.html]
[api.jquery.com/indexa040.html]
[api.jquery.com/index01a2.html]
[api.jquery.com/index2c5f.html]
[api.jquery.com/select/feed/index.html]
[api.jquery.com/index8a0c.html]
[api.jquery.com/index778b.html]
[api.jquery.com/selected-selector/feed/index.html]
[api.jquery.com/selector/feed/index.html]
[api.jquery.com/index5657.html]
[api.jquery.com/indexf705.html]
[api.jquery.com/index3758.html]
[api.jquery.com/serialize/feed/index.html]
[api.jquery.com/indexca96.html]
[api.jquery.com/indexe3b6.html]
[api.jquery.com/serializeArray/feed/index.html]
[api.jquery.com/indexb645.html]
[api.jquery.com/index87e8.html]
[api.jquery.com/index7255.html]
[api.jquery.com/resources/0042_06_01.png]
[api.jquery.com/index28bc.html]
[api.jquery.com/show/feed/index.html]
[api.jquery.com/resources/0042_06_02.png]
[api.jquery.com/indexdd54.html]
[api.jquery.com/indexa862.html]
[api.jquery.com/indexc508.html]
[api.jquery.com/resources/0042_06_03.png]
[api.jquery.com/index6c15.html]
[api.jquery.com/resources/0042_06_04.png]
[api.jquery.com/index9b9e.html]
[api.jquery.com/siblings/feed/index.html]
[api.jquery.com/indexcfe8.html]
[api.jquery.com/size/feed/index.html]
[api.jquery.com/index321c.html]
[api.jquery.com/index8e0b.html]
[api.jquery.com/slice/feed/index.html]
[api.jquery.com/index3dea.html]
[api.jquery.com/category/effects/sliding/feed/index.html]
[api.jquery.com/slideDown/feed/index.html]
[api.jquery.com/indexd073.html]
[api.jquery.com/index728e.html]
[api.jquery.com/resources/0042_06_17.png]
[api.jquery.com/indexcc08.html]
[api.jquery.com/resources/0042_06_18.png]
[api.jquery.com/index1b7d.html]
[api.jquery.com/index0edf.html]
[api.jquery.com/resources/0042_06_19.png]
[api.jquery.com/index16bc.html]
[api.jquery.com/resources/0042_06_20.png]
[api.jquery.com/index27cd.html]
[api.jquery.com/slideToggle/feed/index.html]
[api.jquery.com/resources/0042_06_25.png]
[api.jquery.com/index9a9b.html]
[api.jquery.com/indexb25f.html]
[api.jquery.com/resources/0042_06_26.png]
[api.jquery.com/index7398.html]
[api.jquery.com/index7414.html]
[api.jquery.com/resources/0042_06_28.png]
[api.jquery.com/index5ff4.html]
[api.jquery.com/indexfbc0.html]
[api.jquery.com/resources/0042_06_27.png]
[api.jquery.com/resources/0042_06_29.png]
[api.jquery.com/indexfded.html]
[api.jquery.com/index4126.html]
[api.jquery.com/resources/0042_06_30.png]
[api.jquery.com/resources/0042_06_31.png]
[api.jquery.com/resources/0042_06_32.png]
[api.jquery.com/indexc182.html]
[api.jquery.com/index3a3f.html]
[api.jquery.com/index7cc7.html]
[api.jquery.com/slideUp/feed/index.html]
[api.jquery.com/resources/0042_06_21.png]
[api.jquery.com/resources/0042_06_22.png]
[api.jquery.com/indexbcc1.html]
[api.jquery.com/resources/0042_06_23.png]
[api.jquery.com/index46de.html]
[api.jquery.com/stop/feed/index.html]
[api.jquery.com/submit/feed/index.html]
[api.jquery.com/submit-selector/feed/index.html]
[api.jquery.com/indexa7b7.html]
[api.jquery.com/indexc9d1.html]
[api.jquery.com/index960c.html]
[api.jquery.com/target-selector/feed/index.html]
[api.jquery.com/text/feed/index.html]
[api.jquery.com/index6cd8.html]
[api.jquery.com/index4e57.html]
[api.jquery.com/text-selector/feed/index.html]
[api.jquery.com/index45ff.html]
[api.jquery.com/toArray/feed/index.html]
[api.jquery.com/index03c9.html]
[api.jquery.com/toggle/feed/index.html]
[api.jquery.com/resources/0042_06_09.png]
[api.jquery.com/resources/0042_06_10.png]
[api.jquery.com/index246f.html]
[api.jquery.com/resources/0042_06_11.png]
[api.jquery.com/resources/0042_06_12.png]
[api.jquery.com/resources/0042_06_14.png]
[api.jquery.com/resources/0042_06_15.png]
[api.jquery.com/resources/0042_06_16.png]
[api.jquery.com/category/deprecated/feed/index.html]
[api.jquery.com/category/deprecated/deprecated-1.8/feed/index.html]
[api.jquery.com/toggle-event/feed/index.html]
[api.jquery.com/indexcfab.html]
[api.jquery.com/toggleClass/feed/index.html]
[api.jquery.com/index475a.html]
[api.jquery.com/trigger/feed/index.html]
[api.jquery.com/triggerHandler/feed/index.html]
[api.jquery.com/unbind/feed/index.html]
[api.jquery.com/index62bf.html]
[api.jquery.com/indexa1e2.html]
[api.jquery.com/indexa379.html]
[api.jquery.com/undelegate/feed/index.html]
[api.jquery.com/indexe7fb.html]
[api.jquery.com/unload/feed/index.html]
[api.jquery.com/indexc74d.html]
[api.jquery.com/category/manipulation/dom-insertion-around/feed/index.html]
[api.jquery.com/unwrap/feed/index.html]
[api.jquery.com/val/feed/index.html]
[api.jquery.com/visible-selector/feed/index.html]
[api.jquery.com/width/feed/index.html]
[api.jquery.com/resources/0042_04_04.png]
[api.jquery.com/wrap/feed/index.html]
[api.jquery.com/wrapAll/feed/index.html]
[api.jquery.com/index84df.html]
[api.jquery.com/index61a9.html]
[api.jquery.com/index33e1.html]
[api.jquery.com/wrapInner/feed/index.html]
[api.jquery.com/Types/feed/index.html]
[api.jquery.com/index4c2b.html]
[api.jquery.com/Ajax_Events/feed/index.html]
[api.jquery.com/resources/0042_06_05.png]
[api.jquery.com/index4f61.html]
[api.jquery.com/index81db.html]
[api.jquery.com/index4808.html]
[api.jquery.com/nth-child-selector/feed/index.html]
[api.jquery.com/indexc31c.html]
